==================================================
20 records loaded in 0.02 sec.
Each 1000 datapoints, sampled at frequency 100 Hz.
==================================================
Record 00001_lr done. Executed in 0.26 sec.
Record 00002_lr done. Executed in 0.26 sec.
Record 00003_lr done. Executed in 0.26 sec.
Record 00004_lr done. Executed in 0.26 sec.
Record 00005_lr done. Executed in 0.26 sec.
Record 00006_lr done. Executed in 0.26 sec.
Record 00007_lr done. Executed in 0.26 sec.
Record 00008_lr done. Executed in 0.26 sec.
Record 00009_lr done. Executed in 0.26 sec.
Record 00010_lr done. Executed in 0.26 sec.
Record 00011_lr done. Executed in 0.26 sec.
Record 00012_lr done. Executed in 0.26 sec.
Record 00013_lr done. Executed in 0.26 sec.
Record 00014_lr done. Executed in 0.28 sec.
Record 00015_lr done. Executed in 0.26 sec.
Record 00016_lr done. Executed in 0.26 sec.
Record 00017_lr done. Executed in 0.26 sec.
Record 00018_lr done. Executed in 0.26 sec.
Record 00019_lr done. Executed in 0.26 sec.
Record 00020_lr done. Executed in 0.26 sec.
Total time elapsed: 5.17 sec.
