==================================================
Datasets loaded in 1.51 sec.
Total # of datapoints: 11103894
==================================================
Dataset #1 batch #1 done. Executed in 0.28 sec.
Dataset #1 batch #2 done. Executed in 0.32 sec.
Dataset #1 batch #3 done. Executed in 0.17 sec.
Dataset #1 batch #4 done. Executed in 0.17 sec.
Dataset #1 batch #5 done. Executed in 0.17 sec.
Dataset #1 batch #6 done. Executed in 0.32 sec.
Dataset #1 batch #7 done. Executed in 0.17 sec.
Dataset #1 batch #8 done. Executed in 0.17 sec.
Dataset #1 batch #9 done. Executed in 0.32 sec.
Dataset #1 batch #10 done. Executed in 0.32 sec.
Dataset #1 batch #11 done. Executed in 0.17 sec.
Dataset #1 batch #12 done. Executed in 0.32 sec.
Dataset #1 batch #13 done. Executed in 0.17 sec.
Dataset #1 batch #14 done. Executed in 0.17 sec.
Dataset #1 batch #15 done. Executed in 0.54 sec.
Dataset #1 batch #16 done. Executed in 0.34 sec.
Dataset #1 batch #17 done. Executed in 0.17 sec.
Dataset #1 batch #18 done. Executed in 0.17 sec.
Dataset #1 batch #19 done. Executed in 0.17 sec.
Dataset #1 batch #20 done. Executed in 0.33 sec.
Dataset #1 batch #21 done. Executed in 0.33 sec.
Dataset #1 batch #22 done. Executed in 0.33 sec.
Dataset #1 batch #23 done. Executed in 0.17 sec.
Dataset #1 batch #24 done. Executed in 0.09 sec.
Total time elapsed: 5.84 sec.
