tshu@optiplex:~/Documents/Function-Privatization-under-GP$ python ECG.py 1 20 n y
==================================================
19 records loaded in 0.04 sec.
Each 1000 datapoints, sampled at frequency 100 Hz.
==================================================
Record 00001_lr done. Executed in 14.54 sec.
Record 00002_lr done. Executed in 14.96 sec.
Record 00003_lr done. Executed in 17.01 sec.
Record 00004_lr done. Executed in 15.63 sec.
Record 00005_lr done. Executed in 15.87 sec.
Record 00006_lr done. Executed in 16.32 sec.
Record 00007_lr done. Executed in 16.40 sec.
Record 00008_lr done. Executed in 16.28 sec.
Record 00009_lr done. Executed in 16.38 sec.
Record 00010_lr done. Executed in 16.28 sec.
Record 00011_lr done. Executed in 16.03 sec.
Record 00012_lr done. Executed in 16.38 sec.
Record 00013_lr done. Executed in 16.62 sec.
Record 00014_lr done. Executed in 16.55 sec.
Record 00015_lr done. Executed in 16.43 sec.
Record 00016_lr done. Executed in 16.43 sec.
Record 00017_lr done. Executed in 16.31 sec.
Record 00018_lr done. Executed in 16.82 sec.
Record 00019_lr done. Executed in 16.18 sec.