tshu@optiplex:~/Documents/Function-Privatization-under-GP$ sh expt.sh 
Preprocessing taxi trajectory data...
Running taxi trajectory privatization with Laplace noise and eps = 0.001
100%|████████████████████████████████████████████████████████████████████████████████████████████████████████████████████| 304/304 [02:17<00:00,  2.21it/s]
Running taxi trajectory baseline with eps = 0.001, sample rate 0.1, and window scale 0.05...
100%|████████████████████████████████████████████████████████████████████████████████████████████████████████████████████| 304/304 [00:15<00:00, 20.22it/s]
Running taxi trajectory baseline with eps = 0.001, sample rate 0.1, and window scale 0.1...
100%|████████████████████████████████████████████████████████████████████████████████████████████████████████████████████| 304/304 [00:15<00:00, 20.14it/s]
Running taxi trajectory baseline with eps = 0.001, sample rate 0.2, and window scale 0.05...
100%|████████████████████████████████████████████████████████████████████████████████████████████████████████████████████| 304/304 [00:18<00:00, 16.54it/s]
Running taxi trajectory baseline with eps = 0.001, sample rate 0.2, and window scale 0.1...
100%|████████████████████████████████████████████████████████████████████████████████████████████████████████████████████| 304/304 [00:18<00:00, 16.39it/s]
Running taxi trajectory privatization with Laplace noise and eps = 0.002
100%|████████████████████████████████████████████████████████████████████████████████████████████████████████████████████| 304/304 [02:33<00:00,  1.99it/s]
Running taxi trajectory baseline with eps = 0.002, sample rate 0.1, and window scale 0.05...
100%|████████████████████████████████████████████████████████████████████████████████████████████████████████████████████| 304/304 [00:15<00:00, 20.23it/s]
Running taxi trajectory baseline with eps = 0.002, sample rate 0.1, and window scale 0.1...
100%|████████████████████████████████████████████████████████████████████████████████████████████████████████████████████| 304/304 [00:15<00:00, 20.24it/s]
Running taxi trajectory baseline with eps = 0.002, sample rate 0.2, and window scale 0.05...
100%|████████████████████████████████████████████████████████████████████████████████████████████████████████████████████| 304/304 [00:18<00:00, 16.55it/s]
Running taxi trajectory baseline with eps = 0.002, sample rate 0.2, and window scale 0.1...
100%|████████████████████████████████████████████████████████████████████████████████████████████████████████████████████| 304/304 [00:18<00:00, 16.58it/s]
Running taxi trajectory privatization with Laplace noise and eps = 0.005
100%|████████████████████████████████████████████████████████████████████████████████████████████████████████████████████| 304/304 [02:49<00:00,  1.79it/s]
Running taxi trajectory baseline with eps = 0.005, sample rate 0.1, and window scale 0.05...
100%|████████████████████████████████████████████████████████████████████████████████████████████████████████████████████| 304/304 [00:15<00:00, 20.12it/s]
Running taxi trajectory baseline with eps = 0.005, sample rate 0.1, and window scale 0.1...
100%|████████████████████████████████████████████████████████████████████████████████████████████████████████████████████| 304/304 [00:15<00:00, 20.19it/s]
Running taxi trajectory baseline with eps = 0.005, sample rate 0.2, and window scale 0.05...
100%|████████████████████████████████████████████████████████████████████████████████████████████████████████████████████| 304/304 [00:18<00:00, 16.46it/s]
Running taxi trajectory baseline with eps = 0.005, sample rate 0.2, and window scale 0.1...
100%|████████████████████████████████████████████████████████████████████████████████████████████████████████████████████| 304/304 [00:18<00:00, 16.22it/s]
Running taxi trajectory privatization with Laplace noise and eps = 0.01
100%|████████████████████████████████████████████████████████████████████████████████████████████████████████████████████| 304/304 [03:09<00:00,  1.61it/s]
Running taxi trajectory baseline with eps = 0.01, sample rate 0.1, and window scale 0.05...
100%|████████████████████████████████████████████████████████████████████████████████████████████████████████████████████| 304/304 [00:15<00:00, 20.13it/s]
Running taxi trajectory baseline with eps = 0.01, sample rate 0.1, and window scale 0.1...
100%|████████████████████████████████████████████████████████████████████████████████████████████████████████████████████| 304/304 [00:15<00:00, 20.11it/s]
Running taxi trajectory baseline with eps = 0.01, sample rate 0.2, and window scale 0.05...
100%|████████████████████████████████████████████████████████████████████████████████████████████████████████████████████| 304/304 [00:18<00:00, 16.51it/s]
Running taxi trajectory baseline with eps = 0.01, sample rate 0.2, and window scale 0.1...
100%|████████████████████████████████████████████████████████████████████████████████████████████████████████████████████| 304/304 [00:18<00:00, 16.50it/s]
Running taxi trajectory privatization with Laplace noise and eps = 0.02
100%|████████████████████████████████████████████████████████████████████████████████████████████████████████████████████| 304/304 [03:24<00:00,  1.49it/s]
Running taxi trajectory baseline with eps = 0.02, sample rate 0.1, and window scale 0.05...
100%|████████████████████████████████████████████████████████████████████████████████████████████████████████████████████| 304/304 [00:15<00:00, 20.05it/s]
Running taxi trajectory baseline with eps = 0.02, sample rate 0.1, and window scale 0.1...
100%|████████████████████████████████████████████████████████████████████████████████████████████████████████████████████| 304/304 [00:15<00:00, 20.05it/s]
Running taxi trajectory baseline with eps = 0.02, sample rate 0.2, and window scale 0.05...
100%|████████████████████████████████████████████████████████████████████████████████████████████████████████████████████| 304/304 [00:18<00:00, 16.53it/s]
Running taxi trajectory baseline with eps = 0.02, sample rate 0.2, and window scale 0.1...
100%|████████████████████████████████████████████████████████████████████████████████████████████████████████████████████| 304/304 [00:18<00:00, 16.49it/s]
Running taxi trajectory privatization with Laplace noise and eps = 0.05
100%|████████████████████████████████████████████████████████████████████████████████████████████████████████████████████| 304/304 [03:45<00:00,  1.35it/s]
Running taxi trajectory baseline with eps = 0.05, sample rate 0.1, and window scale 0.05...
100%|████████████████████████████████████████████████████████████████████████████████████████████████████████████████████| 304/304 [00:15<00:00, 20.10it/s]
Running taxi trajectory baseline with eps = 0.05, sample rate 0.1, and window scale 0.1...
100%|████████████████████████████████████████████████████████████████████████████████████████████████████████████████████| 304/304 [00:15<00:00, 20.01it/s]
Running taxi trajectory baseline with eps = 0.05, sample rate 0.2, and window scale 0.05...
100%|████████████████████████████████████████████████████████████████████████████████████████████████████████████████████| 304/304 [00:18<00:00, 16.29it/s]
Running taxi trajectory baseline with eps = 0.05, sample rate 0.2, and window scale 0.1...
100%|████████████████████████████████████████████████████████████████████████████████████████████████████████████████████| 304/304 [00:18<00:00, 16.54it/s]
Running taxi trajectory privatization with Laplace noise and eps = 0.1
100%|████████████████████████████████████████████████████████████████████████████████████████████████████████████████████| 304/304 [07:52<00:00,  1.55s/it]
Running taxi trajectory baseline with eps = 0.1, sample rate 0.1, and window scale 0.05...
100%|████████████████████████████████████████████████████████████████████████████████████████████████████████████████████| 304/304 [00:15<00:00, 20.09it/s]
Running taxi trajectory baseline with eps = 0.1, sample rate 0.1, and window scale 0.1...
100%|████████████████████████████████████████████████████████████████████████████████████████████████████████████████████| 304/304 [00:15<00:00, 20.19it/s]
Running taxi trajectory baseline with eps = 0.1, sample rate 0.2, and window scale 0.05...
100%|████████████████████████████████████████████████████████████████████████████████████████████████████████████████████| 304/304 [00:18<00:00, 16.52it/s]
Running taxi trajectory baseline with eps = 0.1, sample rate 0.2, and window scale 0.1...
100%|████████████████████████████████████████████████████████████████████████████████████████████████████████████████████| 304/304 [00:18<00:00, 16.35it/s]
Running taxi trajectory privatization with Gaussian noise and eps = 0.001
100%|████████████████████████████████████████████████████████████████████████████████████████████████████████████████████| 304/304 [02:50<00:00,  1.78it/s]
Running taxi trajectory baseline with eps = 0.001, sample rate 0.1, and window scale 0.05...
100%|████████████████████████████████████████████████████████████████████████████████████████████████████████████████████| 304/304 [00:12<00:00, 23.46it/s]
Running taxi trajectory baseline with eps = 0.001, sample rate 0.1, and window scale 0.1...
100%|████████████████████████████████████████████████████████████████████████████████████████████████████████████████████| 304/304 [00:12<00:00, 23.60it/s]
Running taxi trajectory baseline with eps = 0.001, sample rate 0.2, and window scale 0.05...
100%|████████████████████████████████████████████████████████████████████████████████████████████████████████████████████| 304/304 [00:14<00:00, 21.60it/s]
Running taxi trajectory baseline with eps = 0.001, sample rate 0.2, and window scale 0.1...
100%|████████████████████████████████████████████████████████████████████████████████████████████████████████████████████| 304/304 [00:14<00:00, 21.56it/s]
Running taxi trajectory privatization with Gaussian noise and eps = 0.002
100%|████████████████████████████████████████████████████████████████████████████████████████████████████████████████████| 304/304 [03:08<00:00,  1.61it/s]
Running taxi trajectory baseline with eps = 0.002, sample rate 0.1, and window scale 0.05...
100%|████████████████████████████████████████████████████████████████████████████████████████████████████████████████████| 304/304 [00:12<00:00, 23.52it/s]
Running taxi trajectory baseline with eps = 0.002, sample rate 0.1, and window scale 0.1...
100%|████████████████████████████████████████████████████████████████████████████████████████████████████████████████████| 304/304 [00:13<00:00, 23.38it/s]
Running taxi trajectory baseline with eps = 0.002, sample rate 0.2, and window scale 0.05...
100%|████████████████████████████████████████████████████████████████████████████████████████████████████████████████████| 304/304 [00:14<00:00, 21.54it/s]
Running taxi trajectory baseline with eps = 0.002, sample rate 0.2, and window scale 0.1...
100%|████████████████████████████████████████████████████████████████████████████████████████████████████████████████████| 304/304 [00:14<00:00, 21.38it/s]
Running taxi trajectory privatization with Gaussian noise and eps = 0.005
100%|████████████████████████████████████████████████████████████████████████████████████████████████████████████████████| 304/304 [03:52<00:00,  1.31it/s]
Running taxi trajectory baseline with eps = 0.005, sample rate 0.1, and window scale 0.05...
100%|████████████████████████████████████████████████████████████████████████████████████████████████████████████████████| 304/304 [00:12<00:00, 23.57it/s]
Running taxi trajectory baseline with eps = 0.005, sample rate 0.1, and window scale 0.1...
100%|████████████████████████████████████████████████████████████████████████████████████████████████████████████████████| 304/304 [00:12<00:00, 23.39it/s]
Running taxi trajectory baseline with eps = 0.005, sample rate 0.2, and window scale 0.05...
100%|████████████████████████████████████████████████████████████████████████████████████████████████████████████████████| 304/304 [00:14<00:00, 21.58it/s]
Running taxi trajectory baseline with eps = 0.005, sample rate 0.2, and window scale 0.1...
100%|████████████████████████████████████████████████████████████████████████████████████████████████████████████████████| 304/304 [00:14<00:00, 21.54it/s]
Running taxi trajectory privatization with Gaussian noise and eps = 0.01
100%|████████████████████████████████████████████████████████████████████████████████████████████████████████████████████| 304/304 [07:46<00:00,  1.54s/it]
Running taxi trajectory baseline with eps = 0.01, sample rate 0.1, and window scale 0.05...
100%|████████████████████████████████████████████████████████████████████████████████████████████████████████████████████| 304/304 [00:12<00:00, 23.47it/s]
Running taxi trajectory baseline with eps = 0.01, sample rate 0.1, and window scale 0.1...
100%|████████████████████████████████████████████████████████████████████████████████████████████████████████████████████| 304/304 [00:12<00:00, 23.49it/s]
Running taxi trajectory baseline with eps = 0.01, sample rate 0.2, and window scale 0.05...
100%|████████████████████████████████████████████████████████████████████████████████████████████████████████████████████| 304/304 [00:14<00:00, 20.93it/s]
Running taxi trajectory baseline with eps = 0.01, sample rate 0.2, and window scale 0.1...
100%|████████████████████████████████████████████████████████████████████████████████████████████████████████████████████| 304/304 [00:14<00:00, 21.55it/s]
Running taxi trajectory privatization with Gaussian noise and eps = 0.02
100%|████████████████████████████████████████████████████████████████████████████████████████████████████████████████████| 304/304 [09:24<00:00,  1.86s/it]
Running taxi trajectory baseline with eps = 0.02, sample rate 0.1, and window scale 0.05...
100%|████████████████████████████████████████████████████████████████████████████████████████████████████████████████████| 304/304 [00:13<00:00, 23.13it/s]
Running taxi trajectory baseline with eps = 0.02, sample rate 0.1, and window scale 0.1...
100%|████████████████████████████████████████████████████████████████████████████████████████████████████████████████████| 304/304 [00:12<00:00, 23.44it/s]
Running taxi trajectory baseline with eps = 0.02, sample rate 0.2, and window scale 0.05...
100%|████████████████████████████████████████████████████████████████████████████████████████████████████████████████████| 304/304 [00:14<00:00, 21.54it/s]
Running taxi trajectory baseline with eps = 0.02, sample rate 0.2, and window scale 0.1...
100%|████████████████████████████████████████████████████████████████████████████████████████████████████████████████████| 304/304 [00:14<00:00, 21.49it/s]
Running taxi trajectory privatization with Gaussian noise and eps = 0.05
100%|████████████████████████████████████████████████████████████████████████████████████████████████████████████████████| 304/304 [11:57<00:00,  2.36s/it]
Running taxi trajectory baseline with eps = 0.05, sample rate 0.1, and window scale 0.05...
100%|████████████████████████████████████████████████████████████████████████████████████████████████████████████████████| 304/304 [00:13<00:00, 23.29it/s]
Running taxi trajectory baseline with eps = 0.05, sample rate 0.1, and window scale 0.1...
100%|████████████████████████████████████████████████████████████████████████████████████████████████████████████████████| 304/304 [00:12<00:00, 23.48it/s]
Running taxi trajectory baseline with eps = 0.05, sample rate 0.2, and window scale 0.05...
100%|████████████████████████████████████████████████████████████████████████████████████████████████████████████████████| 304/304 [00:14<00:00, 21.51it/s]
Running taxi trajectory baseline with eps = 0.05, sample rate 0.2, and window scale 0.1...
100%|████████████████████████████████████████████████████████████████████████████████████████████████████████████████████| 304/304 [00:14<00:00, 21.45it/s]
Running taxi trajectory privatization with Gaussian noise and eps = 0.1
100%|████████████████████████████████████████████████████████████████████████████████████████████████████████████████████| 304/304 [14:05<00:00,  2.78s/it]
Running taxi trajectory baseline with eps = 0.1, sample rate 0.1, and window scale 0.05...
100%|████████████████████████████████████████████████████████████████████████████████████████████████████████████████████| 304/304 [00:13<00:00, 22.87it/s]
Running taxi trajectory baseline with eps = 0.1, sample rate 0.1, and window scale 0.1...
100%|████████████████████████████████████████████████████████████████████████████████████████████████████████████████████| 304/304 [00:13<00:00, 23.33it/s]
Running taxi trajectory baseline with eps = 0.1, sample rate 0.2, and window scale 0.05...
100%|████████████████████████████████████████████████████████████████████████████████████████████████████████████████████| 304/304 [00:14<00:00, 21.52it/s]
Running taxi trajectory baseline with eps = 0.1, sample rate 0.2, and window scale 0.1...
100%|████████████████████████████████████████████████████████████████████████████████████████████████████████████████████| 304/304 [00:14<00:00, 21.57it/s]
Collecting taxi trajecotry result statistics...
Running ECG privatization with Laplace noise and eps = 0.1
100%|████████████████████████████████████████████████████████████████████████████████████████████████████████████████████| 500/500 [04:11<00:00,  1.99it/s]
Running ECG baseline with eps = 0.1, sample rate 0.1, and window scale 0.05...
100%|████████████████████████████████████████████████████████████████████████████████████████████████████████████████████| 500/500 [00:23<00:00, 21.11it/s]
Running ECG baseline with eps = 0.1, sample rate 0.1, and window scale 0.1...
100%|████████████████████████████████████████████████████████████████████████████████████████████████████████████████████| 500/500 [00:23<00:00, 21.51it/s]
Running ECG baseline with eps = 0.1, sample rate 0.2, and window scale 0.05...
100%|████████████████████████████████████████████████████████████████████████████████████████████████████████████████████| 500/500 [00:29<00:00, 17.24it/s]
Running ECG baseline with eps = 0.1, sample rate 0.2, and window scale 0.1...
100%|████████████████████████████████████████████████████████████████████████████████████████████████████████████████████| 500/500 [00:28<00:00, 17.31it/s]
Running ECG privatization with Laplace noise and eps = 0.2
100%|████████████████████████████████████████████████████████████████████████████████████████████████████████████████████| 500/500 [04:13<00:00,  1.97it/s]
Running ECG baseline with eps = 0.2, sample rate 0.1, and window scale 0.05...
100%|████████████████████████████████████████████████████████████████████████████████████████████████████████████████████| 500/500 [00:23<00:00, 21.38it/s]
Running ECG baseline with eps = 0.2, sample rate 0.1, and window scale 0.1...
100%|████████████████████████████████████████████████████████████████████████████████████████████████████████████████████| 500/500 [00:23<00:00, 21.45it/s]
Running ECG baseline with eps = 0.2, sample rate 0.2, and window scale 0.05...
100%|████████████████████████████████████████████████████████████████████████████████████████████████████████████████████| 500/500 [00:28<00:00, 17.26it/s]
Running ECG baseline with eps = 0.2, sample rate 0.2, and window scale 0.1...
100%|████████████████████████████████████████████████████████████████████████████████████████████████████████████████████| 500/500 [00:28<00:00, 17.33it/s]
Running ECG privatization with Laplace noise and eps = 0.5
100%|████████████████████████████████████████████████████████████████████████████████████████████████████████████████████| 500/500 [04:16<00:00,  1.95it/s]
Running ECG baseline with eps = 0.5, sample rate 0.1, and window scale 0.05...
100%|████████████████████████████████████████████████████████████████████████████████████████████████████████████████████| 500/500 [00:23<00:00, 21.55it/s]
Running ECG baseline with eps = 0.5, sample rate 0.1, and window scale 0.1...
100%|████████████████████████████████████████████████████████████████████████████████████████████████████████████████████| 500/500 [00:23<00:00, 21.45it/s]
Running ECG baseline with eps = 0.5, sample rate 0.2, and window scale 0.05...
100%|████████████████████████████████████████████████████████████████████████████████████████████████████████████████████| 500/500 [00:28<00:00, 17.30it/s]
Running ECG baseline with eps = 0.5, sample rate 0.2, and window scale 0.1...
100%|████████████████████████████████████████████████████████████████████████████████████████████████████████████████████| 500/500 [00:29<00:00, 17.23it/s]
Running ECG privatization with Laplace noise and eps = 1.0
100%|████████████████████████████████████████████████████████████████████████████████████████████████████████████████████| 500/500 [04:13<00:00,  1.98it/s]
Running ECG baseline with eps = 1.0, sample rate 0.1, and window scale 0.05...
100%|████████████████████████████████████████████████████████████████████████████████████████████████████████████████████| 500/500 [00:23<00:00, 21.52it/s]
Running ECG baseline with eps = 1.0, sample rate 0.1, and window scale 0.1...
100%|████████████████████████████████████████████████████████████████████████████████████████████████████████████████████| 500/500 [00:23<00:00, 21.48it/s]
Running ECG baseline with eps = 1.0, sample rate 0.2, and window scale 0.05...
100%|████████████████████████████████████████████████████████████████████████████████████████████████████████████████████| 500/500 [00:28<00:00, 17.26it/s]
Running ECG baseline with eps = 1.0, sample rate 0.2, and window scale 0.1...
100%|████████████████████████████████████████████████████████████████████████████████████████████████████████████████████| 500/500 [00:29<00:00, 17.19it/s]
Running ECG privatization with Laplace noise and eps = 2.0
100%|████████████████████████████████████████████████████████████████████████████████████████████████████████████████████| 500/500 [04:11<00:00,  1.99it/s]
Running ECG baseline with eps = 2.0, sample rate 0.1, and window scale 0.05...
100%|████████████████████████████████████████████████████████████████████████████████████████████████████████████████████| 500/500 [00:23<00:00, 21.44it/s]
Running ECG baseline with eps = 2.0, sample rate 0.1, and window scale 0.1...
100%|████████████████████████████████████████████████████████████████████████████████████████████████████████████████████| 500/500 [00:23<00:00, 21.19it/s]
Running ECG baseline with eps = 2.0, sample rate 0.2, and window scale 0.05...
100%|████████████████████████████████████████████████████████████████████████████████████████████████████████████████████| 500/500 [00:29<00:00, 17.23it/s]
Running ECG baseline with eps = 2.0, sample rate 0.2, and window scale 0.1...
100%|████████████████████████████████████████████████████████████████████████████████████████████████████████████████████| 500/500 [00:28<00:00, 17.26it/s]
Running ECG privatization with Gaussian noise and eps = 0.1
100%|████████████████████████████████████████████████████████████████████████████████████████████████████████████████████| 500/500 [04:10<00:00,  1.99it/s]
Running ECG baseline with eps = 0.1, sample rate 0.1, and window scale 0.05...
100%|████████████████████████████████████████████████████████████████████████████████████████████████████████████████████| 500/500 [00:23<00:00, 21.39it/s]
Running ECG baseline with eps = 0.1, sample rate 0.1, and window scale 0.1...
100%|████████████████████████████████████████████████████████████████████████████████████████████████████████████████████| 500/500 [00:23<00:00, 21.38it/s]
Running ECG baseline with eps = 0.1, sample rate 0.2, and window scale 0.05...
100%|████████████████████████████████████████████████████████████████████████████████████████████████████████████████████| 500/500 [00:29<00:00, 17.10it/s]
Running ECG baseline with eps = 0.1, sample rate 0.2, and window scale 0.1...
100%|████████████████████████████████████████████████████████████████████████████████████████████████████████████████████| 500/500 [00:29<00:00, 17.12it/s]
Running ECG privatization with Gaussian noise and eps = 0.2
100%|████████████████████████████████████████████████████████████████████████████████████████████████████████████████████| 500/500 [04:14<00:00,  1.97it/s]
Running ECG baseline with eps = 0.2, sample rate 0.1, and window scale 0.05...
100%|████████████████████████████████████████████████████████████████████████████████████████████████████████████████████| 500/500 [00:23<00:00, 21.26it/s]
Running ECG baseline with eps = 0.2, sample rate 0.1, and window scale 0.1...
100%|████████████████████████████████████████████████████████████████████████████████████████████████████████████████████| 500/500 [00:23<00:00, 21.46it/s]
Running ECG baseline with eps = 0.2, sample rate 0.2, and window scale 0.05...
100%|████████████████████████████████████████████████████████████████████████████████████████████████████████████████████| 500/500 [00:29<00:00, 17.22it/s]
Running ECG baseline with eps = 0.2, sample rate 0.2, and window scale 0.1...
100%|████████████████████████████████████████████████████████████████████████████████████████████████████████████████████| 500/500 [00:29<00:00, 17.10it/s]
Running ECG privatization with Gaussian noise and eps = 0.5
100%|████████████████████████████████████████████████████████████████████████████████████████████████████████████████████| 500/500 [04:12<00:00,  1.98it/s]
Running ECG baseline with eps = 0.5, sample rate 0.1, and window scale 0.05...
100%|████████████████████████████████████████████████████████████████████████████████████████████████████████████████████| 500/500 [00:23<00:00, 21.44it/s]
Running ECG baseline with eps = 0.5, sample rate 0.1, and window scale 0.1...
100%|████████████████████████████████████████████████████████████████████████████████████████████████████████████████████| 500/500 [00:23<00:00, 21.43it/s]
Running ECG baseline with eps = 0.5, sample rate 0.2, and window scale 0.05...
100%|████████████████████████████████████████████████████████████████████████████████████████████████████████████████████| 500/500 [00:29<00:00, 16.94it/s]
Running ECG baseline with eps = 0.5, sample rate 0.2, and window scale 0.1...
100%|████████████████████████████████████████████████████████████████████████████████████████████████████████████████████| 500/500 [00:29<00:00, 17.10it/s]
Running ECG privatization with Gaussian noise and eps = 1.0
100%|████████████████████████████████████████████████████████████████████████████████████████████████████████████████████| 500/500 [04:14<00:00,  1.97it/s]
Running ECG baseline with eps = 1.0, sample rate 0.1, and window scale 0.05...
100%|████████████████████████████████████████████████████████████████████████████████████████████████████████████████████| 500/500 [00:23<00:00, 21.38it/s]
Running ECG baseline with eps = 1.0, sample rate 0.1, and window scale 0.1...
100%|████████████████████████████████████████████████████████████████████████████████████████████████████████████████████| 500/500 [00:23<00:00, 21.40it/s]
Running ECG baseline with eps = 1.0, sample rate 0.2, and window scale 0.05...
100%|████████████████████████████████████████████████████████████████████████████████████████████████████████████████████| 500/500 [00:29<00:00, 17.08it/s]
Running ECG baseline with eps = 1.0, sample rate 0.2, and window scale 0.1...
100%|████████████████████████████████████████████████████████████████████████████████████████████████████████████████████| 500/500 [00:29<00:00, 17.18it/s]
Running ECG privatization with Gaussian noise and eps = 2.0
100%|████████████████████████████████████████████████████████████████████████████████████████████████████████████████████| 500/500 [04:11<00:00,  1.99it/s]
Running ECG baseline with eps = 2.0, sample rate 0.1, and window scale 0.05...
100%|████████████████████████████████████████████████████████████████████████████████████████████████████████████████████| 500/500 [00:23<00:00, 21.33it/s]
Running ECG baseline with eps = 2.0, sample rate 0.1, and window scale 0.1...
100%|████████████████████████████████████████████████████████████████████████████████████████████████████████████████████| 500/500 [00:23<00:00, 21.05it/s]
Running ECG baseline with eps = 2.0, sample rate 0.2, and window scale 0.05...
100%|████████████████████████████████████████████████████████████████████████████████████████████████████████████████████| 500/500 [00:29<00:00, 17.02it/s]
Running ECG baseline with eps = 2.0, sample rate 0.2, and window scale 0.1...
100%|████████████████████████████████████████████████████████████████████████████████████████████████████████████████████| 500/500 [00:29<00:00, 17.15it/s]
Collecting ECG result statistics...
Running GP with eps = 0.01...
100%|██████████████████████████████████████████████████████████████████████████████████████████████████████████████████| 2400/2400 [01:12<00:00, 33.18it/s]
Running GP with eps = 0.02...
100%|██████████████████████████████████████████████████████████████████████████████████████████████████████████████████| 2400/2400 [01:13<00:00, 32.78it/s]
Running GP with eps = 0.05...
100%|██████████████████████████████████████████████████████████████████████████████████████████████████████████████████| 2400/2400 [01:15<00:00, 31.71it/s]
Running GP with eps = 0.1...
100%|██████████████████████████████████████████████████████████████████████████████████████████████████████████████████| 2400/2400 [01:19<00:00, 30.22it/s]
Running GP with eps = 0.2...
100%|██████████████████████████████████████████████████████████████████████████████████████████████████████████████████| 2400/2400 [01:23<00:00, 28.76it/s]
Running GP with eps = 0.5...
100%|██████████████████████████████████████████████████████████████████████████████████████████████████████████████████| 2400/2400 [01:34<00:00, 25.52it/s]
Running GP with eps = 1.0...
100%|██████████████████████████████████████████████████████████████████████████████████████████████████████████████████| 2400/2400 [01:41<00:00, 23.59it/s]
Running CGP with eps = 0.01...
100%|██████████████████████████████████████████████████████████████████████████████████████████████████████████████████| 2400/2400 [02:03<00:00, 19.41it/s]
Running CGP with eps = 0.02...
100%|██████████████████████████████████████████████████████████████████████████████████████████████████████████████████| 2400/2400 [02:14<00:00, 17.89it/s]
Running CGP with eps = 0.05...
100%|██████████████████████████████████████████████████████████████████████████████████████████████████████████████████| 2400/2400 [02:25<00:00, 16.55it/s]
Running CGP with eps = 0.1...
100%|██████████████████████████████████████████████████████████████████████████████████████████████████████████████████| 2400/2400 [02:22<00:00, 16.82it/s]
Running CGP with eps = 0.2...
100%|██████████████████████████████████████████████████████████████████████████████████████████████████████████████████| 2400/2400 [02:32<00:00, 15.79it/s]
Running CGP with eps = 0.5...
100%|██████████████████████████████████████████████████████████████████████████████████████████████████████████████████| 2400/2400 [02:35<00:00, 15.47it/s]
Running CGP with eps = 1.0...
100%|██████████████████████████████████████████████████████████████████████████████████████████████████████████████████| 2400/2400 [02:41<00:00, 14.82it/s]
Running GP with eps = 0.01...
100%|██████████████████████████████████████████████████████████████████████████████████████████████████████████████████| 1500/1500 [01:13<00:00, 20.52it/s]
Running GP with eps = 0.02...
100%|██████████████████████████████████████████████████████████████████████████████████████████████████████████████████| 1500/1500 [01:23<00:00, 18.06it/s]
Running GP with eps = 0.05...
100%|██████████████████████████████████████████████████████████████████████████████████████████████████████████████████| 1500/1500 [01:36<00:00, 15.59it/s]
Running GP with eps = 0.1...
100%|██████████████████████████████████████████████████████████████████████████████████████████████████████████████████| 1500/1500 [01:44<00:00, 14.38it/s]
Running GP with eps = 0.2...
100%|██████████████████████████████████████████████████████████████████████████████████████████████████████████████████| 1500/1500 [01:51<00:00, 13.42it/s]
Running GP with eps = 0.5...
100%|██████████████████████████████████████████████████████████████████████████████████████████████████████████████████| 1500/1500 [01:58<00:00, 12.68it/s]
Running GP with eps = 1.0...
100%|██████████████████████████████████████████████████████████████████████████████████████████████████████████████████| 1500/1500 [02:01<00:00, 12.36it/s]
Running CGP with eps = 0.01...
100%|██████████████████████████████████████████████████████████████████████████████████████████████████████████████████| 1500/1500 [01:55<00:00, 13.02it/s]
Running CGP with eps = 0.02...
100%|██████████████████████████████████████████████████████████████████████████████████████████████████████████████████| 1500/1500 [01:56<00:00, 12.87it/s]
Running CGP with eps = 0.05...
100%|██████████████████████████████████████████████████████████████████████████████████████████████████████████████████| 1500/1500 [01:59<00:00, 12.59it/s]
Running CGP with eps = 0.1...
100%|██████████████████████████████████████████████████████████████████████████████████████████████████████████████████| 1500/1500 [01:58<00:00, 12.63it/s]
Running CGP with eps = 0.2...
100%|██████████████████████████████████████████████████████████████████████████████████████████████████████████████████| 1500/1500 [02:00<00:00, 12.40it/s]
Running CGP with eps = 0.5...
100%|██████████████████████████████████████████████████████████████████████████████████████████████████████████████████| 1500/1500 [02:02<00:00, 12.27it/s]
Running CGP with eps = 1.0...
100%|██████████████████████████████████████████████████████████████████████████████████████████████████████████████████| 1500/1500 [02:03<00:00, 12.13it/s]