tshu@optiplex:~/Documents/Function-Privatization-under-GP$ sh expt.sh 
Preprocessing taxi trajectory data...
Running taxi trajectory privatization with Laplace noise and eps = 0.001
100%|█████████████████████████████████████████| 304/304 [02:11<00:00,  2.31it/s]
Running taxi trajectory baseline with eps = 0.001, sample rate 0.1, and window scale 0.05...
100%|███████████████████████████████████████████████████████████████████████████████████████████████████████████████████████████████████████| 304/304 [00:15<00:00, 19.48it/s]
Running taxi trajectory baseline with eps = 0.001, sample rate 0.1, and window scale 0.1...
100%|███████████████████████████████████████████████████████████████████████████████████████████████████████████████████████████████████████| 304/304 [00:15<00:00, 20.15it/s]
Running taxi trajectory baseline with eps = 0.001, sample rate 0.2, and window scale 0.05...
100%|███████████████████████████████████████████████████████████████████████████████████████████████████████████████████████████████████████| 304/304 [00:18<00:00, 16.49it/s]
Running taxi trajectory baseline with eps = 0.001, sample rate 0.2, and window scale 0.1...
100%|███████████████████████████████████████████████████████████████████████████████████████████████████████████████████████████████████████| 304/304 [00:18<00:00, 16.50it/s]
Running taxi trajectory privatization with Laplace noise and eps = 0.002
100%|███████████████████████████████████████████████████████████████████████████████████████████████████████████████████████████████████████| 304/304 [02:27<00:00,  2.06it/s]
Running taxi trajectory baseline with eps = 0.002, sample rate 0.1, and window scale 0.05...
100%|███████████████████████████████████████████████████████████████████████████████████████████████████████████████████████████████████████| 304/304 [00:15<00:00, 20.12it/s]
Running taxi trajectory baseline with eps = 0.002, sample rate 0.1, and window scale 0.1...
100%|███████████████████████████████████████████████████████████████████████████████████████████████████████████████████████████████████████| 304/304 [00:15<00:00, 19.50it/s]
Running taxi trajectory baseline with eps = 0.002, sample rate 0.2, and window scale 0.05...
100%|███████████████████████████████████████████████████████████████████████████████████████████████████████████████████████████████████████| 304/304 [00:19<00:00, 15.84it/s]
Running taxi trajectory baseline with eps = 0.002, sample rate 0.2, and window scale 0.1...
100%|███████████████████████████████████████████████████████████████████████████████████████████████████████████████████████████████████████| 304/304 [00:18<00:00, 16.05it/s]
Running taxi trajectory privatization with Laplace noise and eps = 0.005
100%|███████████████████████████████████████████████████████████████████████████████████████████████████████████████████████████████████████| 304/304 [02:44<00:00,  1.85it/s]
Running taxi trajectory baseline with eps = 0.005, sample rate 0.1, and window scale 0.05...
100%|███████████████████████████████████████████████████████████████████████████████████████████████████████████████████████████████████████| 304/304 [00:15<00:00, 20.18it/s]
Running taxi trajectory baseline with eps = 0.005, sample rate 0.1, and window scale 0.1...
100%|███████████████████████████████████████████████████████████████████████████████████████████████████████████████████████████████████████| 304/304 [00:15<00:00, 20.19it/s]
Running taxi trajectory baseline with eps = 0.005, sample rate 0.2, and window scale 0.05...
100%|███████████████████████████████████████████████████████████████████████████████████████████████████████████████████████████████████████| 304/304 [00:18<00:00, 16.47it/s]
Running taxi trajectory baseline with eps = 0.005, sample rate 0.2, and window scale 0.1...
100%|███████████████████████████████████████████████████████████████████████████████████████████████████████████████████████████████████████| 304/304 [00:19<00:00, 15.97it/s]
Running taxi trajectory privatization with Laplace noise and eps = 0.01
100%|███████████████████████████████████████████████████████████████████████████████████████████████████████████████████████████████████████| 304/304 [02:54<00:00,  1.74it/s]
Running taxi trajectory baseline with eps = 0.01, sample rate 0.1, and window scale 0.05...
100%|███████████████████████████████████████████████████████████████████████████████████████████████████████████████████████████████████████| 304/304 [00:15<00:00, 19.91it/s]
Running taxi trajectory baseline with eps = 0.01, sample rate 0.1, and window scale 0.1...
100%|███████████████████████████████████████████████████████████████████████████████████████████████████████████████████████████████████████| 304/304 [00:15<00:00, 19.29it/s]
Running taxi trajectory baseline with eps = 0.01, sample rate 0.2, and window scale 0.05...
100%|███████████████████████████████████████████████████████████████████████████████████████████████████████████████████████████████████████| 304/304 [00:18<00:00, 16.26it/s]
Running taxi trajectory baseline with eps = 0.01, sample rate 0.2, and window scale 0.1...
100%|███████████████████████████████████████████████████████████████████████████████████████████████████████████████████████████████████████| 304/304 [00:18<00:00, 16.42it/s]
Running taxi trajectory privatization with Laplace noise and eps = 0.02
100%|███████████████████████████████████████████████████████████████████████████████████████████████████████████████████████████████████████| 304/304 [03:24<00:00,  1.49it/s]
Running taxi trajectory baseline with eps = 0.02, sample rate 0.1, and window scale 0.05...
100%|███████████████████████████████████████████████████████████████████████████████████████████████████████████████████████████████████████| 304/304 [00:15<00:00, 19.52it/s]
Running taxi trajectory baseline with eps = 0.02, sample rate 0.1, and window scale 0.1...
100%|███████████████████████████████████████████████████████████████████████████████████████████████████████████████████████████████████████| 304/304 [00:15<00:00, 19.68it/s]
Running taxi trajectory baseline with eps = 0.02, sample rate 0.2, and window scale 0.05...
100%|███████████████████████████████████████████████████████████████████████████████████████████████████████████████████████████████████████| 304/304 [00:19<00:00, 15.92it/s]
Running taxi trajectory baseline with eps = 0.02, sample rate 0.2, and window scale 0.1...
100%|███████████████████████████████████████████████████████████████████████████████████████████████████████████████████████████████████████| 304/304 [00:18<00:00, 16.12it/s]
Running taxi trajectory privatization with Laplace noise and eps = 0.05
100%|███████████████████████████████████████████████████████████████████████████████████████████████████████████████████████████████████████| 304/304 [03:47<00:00,  1.33it/s]
Running taxi trajectory baseline with eps = 0.05, sample rate 0.1, and window scale 0.05...
100%|███████████████████████████████████████████████████████████████████████████████████████████████████████████████████████████████████████| 304/304 [00:15<00:00, 19.34it/s]
Running taxi trajectory baseline with eps = 0.05, sample rate 0.1, and window scale 0.1...
100%|███████████████████████████████████████████████████████████████████████████████████████████████████████████████████████████████████████| 304/304 [00:15<00:00, 19.47it/s]
Running taxi trajectory baseline with eps = 0.05, sample rate 0.2, and window scale 0.05...
100%|███████████████████████████████████████████████████████████████████████████████████████████████████████████████████████████████████████| 304/304 [00:18<00:00, 16.50it/s]
Running taxi trajectory baseline with eps = 0.05, sample rate 0.2, and window scale 0.1...
100%|███████████████████████████████████████████████████████████████████████████████████████████████████████████████████████████████████████| 304/304 [00:18<00:00, 16.48it/s]
Running taxi trajectory privatization with Laplace noise and eps = 0.1
100%|███████████████████████████████████████████████████████████████████████████████████████████████████████████████████████████████████████| 304/304 [08:31<00:00,  1.68s/it]
Running taxi trajectory baseline with eps = 0.1, sample rate 0.1, and window scale 0.05...
100%|███████████████████████████████████████████████████████████████████████████████████████████████████████████████████████████████████████| 304/304 [00:15<00:00, 19.39it/s]
Running taxi trajectory baseline with eps = 0.1, sample rate 0.1, and window scale 0.1...
100%|███████████████████████████████████████████████████████████████████████████████████████████████████████████████████████████████████████| 304/304 [00:15<00:00, 20.06it/s]
Running taxi trajectory baseline with eps = 0.1, sample rate 0.2, and window scale 0.05...
100%|███████████████████████████████████████████████████████████████████████████████████████████████████████████████████████████████████████| 304/304 [00:18<00:00, 16.28it/s]
Running taxi trajectory baseline with eps = 0.1, sample rate 0.2, and window scale 0.1...
100%|███████████████████████████████████████████████████████████████████████████████████████████████████████████████████████████████████████| 304/304 [00:18<00:00, 16.45it/s]
Running taxi trajectory privatization with Gaussian noise and eps = 0.001
100%|███████████████████████████████████████████████████████████████████████████████████████████████████████████████████████████████████████| 304/304 [02:44<00:00,  1.85it/s]
Running taxi trajectory baseline with eps = 0.001, sample rate 0.1, and window scale 0.05...
100%|███████████████████████████████████████████████████████████████████████████████████████████████████████████████████████████████████████| 304/304 [00:13<00:00, 23.34it/s]
Running taxi trajectory baseline with eps = 0.001, sample rate 0.1, and window scale 0.1...
100%|███████████████████████████████████████████████████████████████████████████████████████████████████████████████████████████████████████| 304/304 [00:13<00:00, 22.65it/s]
Running taxi trajectory baseline with eps = 0.001, sample rate 0.2, and window scale 0.05...
100%|███████████████████████████████████████████████████████████████████████████████████████████████████████████████████████████████████████| 304/304 [00:14<00:00, 21.28it/s]
Running taxi trajectory baseline with eps = 0.001, sample rate 0.2, and window scale 0.1...
100%|███████████████████████████████████████████████████████████████████████████████████████████████████████████████████████████████████████| 304/304 [00:14<00:00, 21.61it/s]
Running taxi trajectory privatization with Gaussian noise and eps = 0.002
100%|███████████████████████████████████████████████████████████████████████████████████████████████████████████████████████████████████████| 304/304 [03:05<00:00,  1.64it/s]
Running taxi trajectory baseline with eps = 0.002, sample rate 0.1, and window scale 0.05...
100%|███████████████████████████████████████████████████████████████████████████████████████████████████████████████████████████████████████| 304/304 [00:13<00:00, 22.88it/s]
Running taxi trajectory baseline with eps = 0.002, sample rate 0.1, and window scale 0.1...
100%|███████████████████████████████████████████████████████████████████████████████████████████████████████████████████████████████████████| 304/304 [00:13<00:00, 23.32it/s]
Running taxi trajectory baseline with eps = 0.002, sample rate 0.2, and window scale 0.05...
100%|███████████████████████████████████████████████████████████████████████████████████████████████████████████████████████████████████████| 304/304 [00:14<00:00, 21.46it/s]
Running taxi trajectory baseline with eps = 0.002, sample rate 0.2, and window scale 0.1...
100%|███████████████████████████████████████████████████████████████████████████████████████████████████████████████████████████████████████| 304/304 [00:14<00:00, 21.40it/s]
Running taxi trajectory privatization with Gaussian noise and eps = 0.005
100%|███████████████████████████████████████████████████████████████████████████████████████████████████████████████████████████████████████| 304/304 [04:03<00:00,  1.25it/s]
Running taxi trajectory baseline with eps = 0.005, sample rate 0.1, and window scale 0.05...
100%|███████████████████████████████████████████████████████████████████████████████████████████████████████████████████████████████████████| 304/304 [00:13<00:00, 22.84it/s]
Running taxi trajectory baseline with eps = 0.005, sample rate 0.1, and window scale 0.1...
100%|███████████████████████████████████████████████████████████████████████████████████████████████████████████████████████████████████████| 304/304 [00:13<00:00, 23.00it/s]
Running taxi trajectory baseline with eps = 0.005, sample rate 0.2, and window scale 0.05...
100%|███████████████████████████████████████████████████████████████████████████████████████████████████████████████████████████████████████| 304/304 [00:14<00:00, 21.00it/s]
Running taxi trajectory baseline with eps = 0.005, sample rate 0.2, and window scale 0.1...
100%|███████████████████████████████████████████████████████████████████████████████████████████████████████████████████████████████████████| 304/304 [00:14<00:00, 21.59it/s]
Running taxi trajectory privatization with Gaussian noise and eps = 0.01
100%|███████████████████████████████████████████████████████████████████████████████████████████████████████████████████████████████████████| 304/304 [08:29<00:00,  1.68s/it]
Running taxi trajectory baseline with eps = 0.01, sample rate 0.1, and window scale 0.05...
100%|███████████████████████████████████████████████████████████████████████████████████████████████████████████████████████████████████████| 304/304 [00:13<00:00, 22.80it/s]
Running taxi trajectory baseline with eps = 0.01, sample rate 0.1, and window scale 0.1...
100%|███████████████████████████████████████████████████████████████████████████████████████████████████████████████████████████████████████| 304/304 [00:13<00:00, 22.70it/s]
Running taxi trajectory baseline with eps = 0.01, sample rate 0.2, and window scale 0.05...
100%|███████████████████████████████████████████████████████████████████████████████████████████████████████████████████████████████████████| 304/304 [00:14<00:00, 20.84it/s]
Running taxi trajectory baseline with eps = 0.01, sample rate 0.2, and window scale 0.1...
100%|███████████████████████████████████████████████████████████████████████████████████████████████████████████████████████████████████████| 304/304 [00:14<00:00, 20.92it/s]
Running taxi trajectory privatization with Gaussian noise and eps = 0.02
100%|███████████████████████████████████████████████████████████████████████████████████████████████████████████████████████████████████████| 304/304 [10:48<00:00,  2.13s/it]
Running taxi trajectory baseline with eps = 0.02, sample rate 0.1, and window scale 0.05...
100%|███████████████████████████████████████████████████████████████████████████████████████████████████████████████████████████████████████| 304/304 [00:13<00:00, 23.11it/s]
Running taxi trajectory baseline with eps = 0.02, sample rate 0.1, and window scale 0.1...
100%|███████████████████████████████████████████████████████████████████████████████████████████████████████████████████████████████████████| 304/304 [00:13<00:00, 23.35it/s]
Running taxi trajectory baseline with eps = 0.02, sample rate 0.2, and window scale 0.05...
100%|███████████████████████████████████████████████████████████████████████████████████████████████████████████████████████████████████████| 304/304 [00:14<00:00, 21.05it/s]
Running taxi trajectory baseline with eps = 0.02, sample rate 0.2, and window scale 0.1...
100%|███████████████████████████████████████████████████████████████████████████████████████████████████████████████████████████████████████| 304/304 [00:14<00:00, 20.82it/s]
Running taxi trajectory privatization with Gaussian noise and eps = 0.05
100%|███████████████████████████████████████████████████████████████████████████████████████████████████████████████████████████████████████| 304/304 [18:27<00:00,  3.64s/it]
Running taxi trajectory baseline with eps = 0.05, sample rate 0.1, and window scale 0.05...
100%|███████████████████████████████████████████████████████████████████████████████████████████████████████████████████████████████████████| 304/304 [00:13<00:00, 23.19it/s]
Running taxi trajectory baseline with eps = 0.05, sample rate 0.1, and window scale 0.1...
100%|███████████████████████████████████████████████████████████████████████████████████████████████████████████████████████████████████████| 304/304 [00:13<00:00, 23.30it/s]
Running taxi trajectory baseline with eps = 0.05, sample rate 0.2, and window scale 0.05...
100%|███████████████████████████████████████████████████████████████████████████████████████████████████████████████████████████████████████| 304/304 [00:14<00:00, 21.36it/s]
Running taxi trajectory baseline with eps = 0.05, sample rate 0.2, and window scale 0.1...
100%|███████████████████████████████████████████████████████████████████████████████████████████████████████████████████████████████████████| 304/304 [00:14<00:00, 21.31it/s]
Running taxi trajectory privatization with Gaussian noise and eps = 0.1
100%|███████████████████████████████████████████████████████████████████████████████████████████████████████████████████████████████████████| 304/304 [41:41<00:00,  8.23s/it]
Running taxi trajectory baseline with eps = 0.1, sample rate 0.1, and window scale 0.05...
100%|███████████████████████████████████████████████████████████████████████████████████████████████████████████████████████████████████████| 304/304 [00:13<00:00, 23.23it/s]
Running taxi trajectory baseline with eps = 0.1, sample rate 0.1, and window scale 0.1...
100%|███████████████████████████████████████████████████████████████████████████████████████████████████████████████████████████████████████| 304/304 [00:12<00:00, 23.43it/s]
Running taxi trajectory baseline with eps = 0.1, sample rate 0.2, and window scale 0.05...
100%|███████████████████████████████████████████████████████████████████████████████████████████████████████████████████████████████████████| 304/304 [00:14<00:00, 21.22it/s]
Running taxi trajectory baseline with eps = 0.1, sample rate 0.2, and window scale 0.1...
100%|███████████████████████████████████████████████████████████████████████████████████████████████████████████████████████████████████████| 304/304 [00:14<00:00, 21.37it/s]
Collecting taxi trajecotry result statistics...
Running ECG privatization with Laplace noise and eps = 0.1
100%|███████████████████████████████████████████████████████████████████████████████████████████████████████████████████████████████████████| 500/500 [04:10<00:00,  2.00it/s]
Running ECG baseline with eps = 0.1, sample rate 0.1, and window scale 0.05...
100%|███████████████████████████████████████████████████████████████████████████████████████████████████████████████████████████████████████| 500/500 [00:23<00:00, 21.40it/s]
Running ECG baseline with eps = 0.1, sample rate 0.1, and window scale 0.1...
100%|███████████████████████████████████████████████████████████████████████████████████████████████████████████████████████████████████████| 500/500 [00:23<00:00, 21.32it/s]
Running ECG baseline with eps = 0.1, sample rate 0.2, and window scale 0.05...
100%|███████████████████████████████████████████████████████████████████████████████████████████████████████████████████████████████████████| 500/500 [00:29<00:00, 17.18it/s]
Running ECG baseline with eps = 0.1, sample rate 0.2, and window scale 0.1...
100%|███████████████████████████████████████████████████████████████████████████████████████████████████████████████████████████████████████| 500/500 [00:29<00:00, 17.19it/s]
Running ECG privatization with Laplace noise and eps = 0.2
100%|███████████████████████████████████████████████████████████████████████████████████████████████████████████████████████████████████████| 500/500 [04:08<00:00,  2.01it/s]
Running ECG baseline with eps = 0.2, sample rate 0.1, and window scale 0.05...
100%|███████████████████████████████████████████████████████████████████████████████████████████████████████████████████████████████████████| 500/500 [00:23<00:00, 21.48it/s]
Running ECG baseline with eps = 0.2, sample rate 0.1, and window scale 0.1...
100%|███████████████████████████████████████████████████████████████████████████████████████████████████████████████████████████████████████| 500/500 [00:23<00:00, 21.50it/s]
Running ECG baseline with eps = 0.2, sample rate 0.2, and window scale 0.05...
100%|███████████████████████████████████████████████████████████████████████████████████████████████████████████████████████████████████████| 500/500 [00:29<00:00, 17.24it/s]
Running ECG baseline with eps = 0.2, sample rate 0.2, and window scale 0.1...
100%|███████████████████████████████████████████████████████████████████████████████████████████████████████████████████████████████████████| 500/500 [00:29<00:00, 16.87it/s]
Running ECG privatization with Laplace noise and eps = 0.5
100%|███████████████████████████████████████████████████████████████████████████████████████████████████████████████████████████████████████| 500/500 [04:09<00:00,  2.01it/s]
Running ECG baseline with eps = 0.5, sample rate 0.1, and window scale 0.05...
100%|███████████████████████████████████████████████████████████████████████████████████████████████████████████████████████████████████████| 500/500 [00:23<00:00, 21.32it/s]
Running ECG baseline with eps = 0.5, sample rate 0.1, and window scale 0.1...
100%|███████████████████████████████████████████████████████████████████████████████████████████████████████████████████████████████████████| 500/500 [00:23<00:00, 21.42it/s]
Running ECG baseline with eps = 0.5, sample rate 0.2, and window scale 0.05...
100%|███████████████████████████████████████████████████████████████████████████████████████████████████████████████████████████████████████| 500/500 [00:28<00:00, 17.25it/s]
Running ECG baseline with eps = 0.5, sample rate 0.2, and window scale 0.1...
100%|███████████████████████████████████████████████████████████████████████████████████████████████████████████████████████████████████████| 500/500 [00:29<00:00, 17.16it/s]
Running ECG privatization with Laplace noise and eps = 1.0
100%|███████████████████████████████████████████████████████████████████████████████████████████████████████████████████████████████████████| 500/500 [04:07<00:00,  2.02it/s]
Running ECG baseline with eps = 1.0, sample rate 0.1, and window scale 0.05...
100%|███████████████████████████████████████████████████████████████████████████████████████████████████████████████████████████████████████| 500/500 [00:23<00:00, 21.18it/s]
Running ECG baseline with eps = 1.0, sample rate 0.1, and window scale 0.1...
100%|███████████████████████████████████████████████████████████████████████████████████████████████████████████████████████████████████████| 500/500 [00:23<00:00, 21.36it/s]
Running ECG baseline with eps = 1.0, sample rate 0.2, and window scale 0.05...
100%|███████████████████████████████████████████████████████████████████████████████████████████████████████████████████████████████████████| 500/500 [00:29<00:00, 17.13it/s]
Running ECG baseline with eps = 1.0, sample rate 0.2, and window scale 0.1...
100%|███████████████████████████████████████████████████████████████████████████████████████████████████████████████████████████████████████| 500/500 [00:29<00:00, 17.20it/s]
Running ECG privatization with Laplace noise and eps = 2.0
100%|███████████████████████████████████████████████████████████████████████████████████████████████████████████████████████████████████████| 500/500 [04:10<00:00,  2.00it/s]
Running ECG baseline with eps = 2.0, sample rate 0.1, and window scale 0.05...
100%|███████████████████████████████████████████████████████████████████████████████████████████████████████████████████████████████████████| 500/500 [00:23<00:00, 21.32it/s]
Running ECG baseline with eps = 2.0, sample rate 0.1, and window scale 0.1...
100%|███████████████████████████████████████████████████████████████████████████████████████████████████████████████████████████████████████| 500/500 [00:24<00:00, 20.68it/s]
Running ECG baseline with eps = 2.0, sample rate 0.2, and window scale 0.05...
100%|███████████████████████████████████████████████████████████████████████████████████████████████████████████████████████████████████████| 500/500 [00:29<00:00, 17.11it/s]
Running ECG baseline with eps = 2.0, sample rate 0.2, and window scale 0.1...
100%|███████████████████████████████████████████████████████████████████████████████████████████████████████████████████████████████████████| 500/500 [00:28<00:00, 17.35it/s]
Running ECG privatization with Gaussian noise and eps = 0.1
100%|███████████████████████████████████████████████████████████████████████████████████████████████████████████████████████████████████████| 500/500 [04:07<00:00,  2.02it/s]
Running ECG baseline with eps = 0.1, sample rate 0.1, and window scale 0.05...
100%|███████████████████████████████████████████████████████████████████████████████████████████████████████████████████████████████████████| 500/500 [00:23<00:00, 21.22it/s]
Running ECG baseline with eps = 0.1, sample rate 0.1, and window scale 0.1...
100%|███████████████████████████████████████████████████████████████████████████████████████████████████████████████████████████████████████| 500/500 [00:23<00:00, 21.13it/s]
Running ECG baseline with eps = 0.1, sample rate 0.2, and window scale 0.05...
100%|███████████████████████████████████████████████████████████████████████████████████████████████████████████████████████████████████████| 500/500 [00:29<00:00, 17.00it/s]
Running ECG baseline with eps = 0.1, sample rate 0.2, and window scale 0.1...
100%|███████████████████████████████████████████████████████████████████████████████████████████████████████████████████████████████████████| 500/500 [00:30<00:00, 16.31it/s]
Running ECG privatization with Gaussian noise and eps = 0.2
100%|███████████████████████████████████████████████████████████████████████████████████████████████████████████████████████████████████████| 500/500 [04:07<00:00,  2.02it/s]
Running ECG baseline with eps = 0.2, sample rate 0.1, and window scale 0.05...
100%|███████████████████████████████████████████████████████████████████████████████████████████████████████████████████████████████████████| 500/500 [00:23<00:00, 21.35it/s]
Running ECG baseline with eps = 0.2, sample rate 0.1, and window scale 0.1...
100%|███████████████████████████████████████████████████████████████████████████████████████████████████████████████████████████████████████| 500/500 [00:23<00:00, 21.41it/s]
Running ECG baseline with eps = 0.2, sample rate 0.2, and window scale 0.05...
100%|███████████████████████████████████████████████████████████████████████████████████████████████████████████████████████████████████████| 500/500 [00:29<00:00, 17.09it/s]
Running ECG baseline with eps = 0.2, sample rate 0.2, and window scale 0.1...
100%|███████████████████████████████████████████████████████████████████████████████████████████████████████████████████████████████████████| 500/500 [00:29<00:00, 17.07it/s]
Running ECG privatization with Gaussian noise and eps = 0.5
100%|███████████████████████████████████████████████████████████████████████████████████████████████████████████████████████████████████████| 500/500 [04:10<00:00,  2.00it/s]
Running ECG baseline with eps = 0.5, sample rate 0.1, and window scale 0.05...
100%|███████████████████████████████████████████████████████████████████████████████████████████████████████████████████████████████████████| 500/500 [00:23<00:00, 21.29it/s]
Running ECG baseline with eps = 0.5, sample rate 0.1, and window scale 0.1...
100%|███████████████████████████████████████████████████████████████████████████████████████████████████████████████████████████████████████| 500/500 [00:23<00:00, 21.17it/s]
Running ECG baseline with eps = 0.5, sample rate 0.2, and window scale 0.05...
100%|███████████████████████████████████████████████████████████████████████████████████████████████████████████████████████████████████████| 500/500 [00:29<00:00, 17.03it/s]
Running ECG baseline with eps = 0.5, sample rate 0.2, and window scale 0.1...
100%|███████████████████████████████████████████████████████████████████████████████████████████████████████████████████████████████████████| 500/500 [00:29<00:00, 17.11it/s]
Running ECG privatization with Gaussian noise and eps = 1.0
100%|███████████████████████████████████████████████████████████████████████████████████████████████████████████████████████████████████████| 500/500 [04:08<00:00,  2.01it/s]
Running ECG baseline with eps = 1.0, sample rate 0.1, and window scale 0.05...
100%|███████████████████████████████████████████████████████████████████████████████████████████████████████████████████████████████████████| 500/500 [00:23<00:00, 21.22it/s]
Running ECG baseline with eps = 1.0, sample rate 0.1, and window scale 0.1...
100%|███████████████████████████████████████████████████████████████████████████████████████████████████████████████████████████████████████| 500/500 [00:23<00:00, 21.32it/s]
Running ECG baseline with eps = 1.0, sample rate 0.2, and window scale 0.05...
100%|███████████████████████████████████████████████████████████████████████████████████████████████████████████████████████████████████████| 500/500 [00:29<00:00, 16.99it/s]
Running ECG baseline with eps = 1.0, sample rate 0.2, and window scale 0.1...
100%|███████████████████████████████████████████████████████████████████████████████████████████████████████████████████████████████████████| 500/500 [00:29<00:00, 17.13it/s]
Running ECG privatization with Gaussian noise and eps = 2.0
100%|███████████████████████████████████████████████████████████████████████████████████████████████████████████████████████████████████████| 500/500 [04:09<00:00,  2.00it/s]
Running ECG baseline with eps = 2.0, sample rate 0.1, and window scale 0.05...
100%|███████████████████████████████████████████████████████████████████████████████████████████████████████████████████████████████████████| 500/500 [00:23<00:00, 21.25it/s]
Running ECG baseline with eps = 2.0, sample rate 0.1, and window scale 0.1...
100%|███████████████████████████████████████████████████████████████████████████████████████████████████████████████████████████████████████| 500/500 [00:23<00:00, 21.17it/s]
Running ECG baseline with eps = 2.0, sample rate 0.2, and window scale 0.05...
100%|███████████████████████████████████████████████████████████████████████████████████████████████████████████████████████████████████████| 500/500 [00:29<00:00, 17.13it/s]
Running ECG baseline with eps = 2.0, sample rate 0.2, and window scale 0.1...
100%|███████████████████████████████████████████████████████████████████████████████████████████████████████████████████████████████████████| 500/500 [00:30<00:00, 16.37it/s]
Collecting ECG result statistics...

