tshu@optiplex:~/Documents/Function-Privatization-under-GP$ python TaxiTrajectory.py 0.01 1000 10 y
==================================================
Datasets loaded in 1.57 sec.
Total # of datapoints: 11103894
==================================================
Dataset #1 batch #1 done. Executed in 11.76 sec.
Dataset #1 batch #2 done. Executed in 11.34 sec.
Dataset #1 batch #3 done. Executed in 11.21 sec.
Dataset #1 batch #4 done. Executed in 12.03 sec.
Dataset #1 batch #5 done. Executed in 11.55 sec.
Dataset #1 batch #6 done. Executed in 23.24 sec.
Dataset #1 batch #7 done. Executed in 10.71 sec.
Dataset #1 batch #8 done. Executed in 14.79 sec.
Dataset #1 batch #9 done. Executed in 25.34 sec.
Dataset #1 batch #10 done. Executed in 24.50 sec.
Dataset #1 batch #11 done. Executed in 13.05 sec.
Dataset #1 batch #12 done. Executed in 24.73 sec.
Dataset #1 batch #13 done. Executed in 24.06 sec.
Dataset #1 batch #14 done. Executed in 12.34 sec.
Dataset #1 batch #15 done. Executed in 23.52 sec.
Dataset #1 batch #16 done. Executed in 24.68 sec.
Dataset #1 batch #17 done. Executed in 12.42 sec.
Dataset #1 batch #18 done. Executed in 12.04 sec.
Dataset #1 batch #19 done. Executed in 25.06 sec.
Dataset #1 batch #20 done. Executed in 24.80 sec.
Dataset #1 batch #21 done. Executed in 24.97 sec.
Dataset #1 batch #22 done. Executed in 23.48 sec.
Dataset #1 batch #23 done. Executed in 12.64 sec.
Total time elapsed: 414.26 sec.